\BOOKMARK [1][-]{section*.1}{\376\377\000A\000b\000s\000t\000r\000a\000c\000t}{}% 1
\BOOKMARK [1][-]{section*.2}{\376\377\000T\000a\000s\000k\000\040\000d\000i\000f\000f\000i\000c\000u\000l\000t\000y\000\040\000a\000n\000d\000\040\000i\000n\000d\000i\000v\000i\000d\000u\000a\000l\000\040\000d\000i\000f\000f\000e\000r\000e\000n\000c\000e\000s\000\040\000i\000n\000\040\000p\000i\000c\000t\000u\000r\000e\000\040\000n\000a\000m\000i\000n\000g\000\040\000s\000p\000e\000e\000d}{}% 2
\BOOKMARK [2][-]{section*.3}{\376\377\000C\000o\000g\000n\000i\000t\000i\000v\000e\000\040\000a\000b\000i\000l\000i\000t\000i\000e\000s\000\040\000t\000h\000a\000t\000\040\000p\000r\000e\000d\000i\000c\000t\000\040\000s\000p\000e\000e\000d\000\040\000o\000f\000\040\000l\000a\000n\000g\000u\000a\000g\000e\000\040\000p\000r\000o\000d\000u\000c\000t\000i\000o\000n}{section*.2}% 3
\BOOKMARK [3][-]{section*.4}{\376\377\000W\000o\000r\000k\000i\000n\000g\000\040\000m\000e\000m\000o\000r\000y}{section*.3}% 4
\BOOKMARK [3][-]{section*.5}{\376\377\000I\000n\000h\000i\000b\000i\000t\000i\000o\000n}{section*.3}% 5
\BOOKMARK [3][-]{section*.6}{\376\377\000A\000t\000t\000e\000n\000t\000i\000o\000n}{section*.3}% 6
\BOOKMARK [1][-]{section*.7}{\376\377\000E\000x\000p\000e\000r\000i\000m\000e\000n\000t\000\040\0001}{}% 7
\BOOKMARK [1][-]{section*.8}{\376\377\000M\000e\000t\000h\000o\000d}{}% 8
\BOOKMARK [2][-]{section*.9}{\376\377\000P\000a\000r\000t\000i\000c\000i\000p\000a\000n\000t\000s}{section*.8}% 9
\BOOKMARK [2][-]{section*.10}{\376\377\000P\000r\000o\000c\000e\000d\000u\000r\000e}{section*.8}% 10
\BOOKMARK [2][-]{section*.11}{\376\377\000S\000t\000i\000m\000u\000l\000i\000\040\000a\000n\000d\000\040\000t\000a\000s\000k\000\040\000d\000e\000s\000c\000r\000i\000p\000t\000i\000o\000n\000s}{section*.8}% 11
\BOOKMARK [3][-]{section*.12}{\376\377\000P\000i\000c\000t\000u\000r\000e\000\040\000n\000a\000m\000i\000n\000g\000\040\000t\000a\000s\000k}{section*.11}% 12
\BOOKMARK [3][-]{section*.13}{\376\377\000C\000o\000g\000n\000i\000t\000i\000v\000e\000\040\000s\000k\000i\000l\000l\000s}{section*.11}% 13
\BOOKMARK [2][-]{section*.20}{\376\377\000A\000n\000a\000l\000y\000s\000e\000s}{section*.8}% 14
\BOOKMARK [2][-]{section*.21}{\376\377\000C\000o\000m\000p\000u\000t\000i\000n\000g\000\040\000s\000c\000o\000r\000e\000s\000\040\000f\000r\000o\000m\000\040\000c\000o\000g\000n\000i\000t\000i\000v\000e\000\040\000m\000e\000a\000s\000u\000r\000e\000s}{section*.8}% 15
\BOOKMARK [2][-]{section*.22}{\376\377\000P\000i\000c\000t\000u\000r\000e\000\040\000n\000a\000m\000i\000n\000g\000\040\000m\000e\000a\000s\000u\000r\000e\000s\000\040\000a\000n\000d\000\040\000c\000o\000r\000r\000e\000l\000a\000t\000i\000o\000n\000s}{section*.8}% 16
\BOOKMARK [1][-]{section*.23}{\376\377\000R\000e\000s\000u\000l\000t\000s}{}% 17
\BOOKMARK [2][-]{section*.24}{\376\377\000D\000e\000s\000c\000r\000i\000p\000t\000i\000v\000e\000\040\000s\000t\000a\000t\000i\000s\000t\000i\000c\000s}{section*.23}% 18
\BOOKMARK [2][-]{section*.27}{\376\377\000C\000o\000r\000r\000e\000l\000a\000t\000i\000o\000n\000s\000\040\000a\000m\000o\000n\000g\000\040\000m\000e\000a\000s\000u\000r\000e\000s}{section*.23}% 19
\BOOKMARK [2][-]{section*.29}{\376\377\000C\000o\000r\000r\000e\000l\000a\000t\000i\000o\000n\000s\000\040\000b\000e\000t\000w\000e\000e\000n\000\040\000c\000o\000g\000n\000i\000t\000i\000v\000e\000\040\000s\000k\000i\000l\000l\000s\000\040\000a\000n\000d\000\040\000w\000o\000r\000d\000\040\000p\000r\000o\000d\000u\000c\000t\000i\000o\000n\000\040\000s\000p\000e\000e\000d}{section*.23}% 20
\BOOKMARK [1][-]{section*.31}{\376\377\000D\000i\000s\000c\000u\000s\000s\000i\000o\000n}{}% 21
\BOOKMARK [1][-]{section*.32}{\376\377\000E\000x\000p\000e\000r\000i\000m\000e\000n\000t\000\040\0002}{}% 22
\BOOKMARK [1][-]{section*.33}{\376\377\000M\000e\000t\000h\000o\000d}{}% 23
\BOOKMARK [2][-]{section*.34}{\376\377\000P\000a\000r\000t\000i\000c\000i\000p\000a\000n\000t\000s}{section*.33}% 24
\BOOKMARK [2][-]{section*.35}{\376\377\000P\000r\000o\000c\000e\000d\000u\000r\000e}{section*.33}% 25
\BOOKMARK [2][-]{section*.36}{\376\377\000S\000t\000i\000m\000u\000l\000i\000\040\000a\000n\000d\000\040\000t\000a\000s\000k\000\040\000d\000e\000s\000c\000r\000i\000p\000t\000i\000o\000n\000s}{section*.33}% 26
\BOOKMARK [3][-]{section*.37}{\376\377\000P\000i\000c\000t\000u\000r\000e\000\040\000n\000a\000m\000i\000n\000g\000\040\000t\000a\000s\000k}{section*.36}% 27
\BOOKMARK [3][-]{section*.38}{\376\377\000C\000o\000g\000n\000i\000t\000i\000v\000e\000\040\000s\000k\000i\000l\000l\000s}{section*.36}% 28
\BOOKMARK [2][-]{section*.39}{\376\377\000A\000n\000a\000l\000y\000s\000e\000s}{section*.33}% 29
\BOOKMARK [1][-]{section*.40}{\376\377\000R\000e\000s\000u\000l\000t\000s}{}% 30
\BOOKMARK [1][-]{section*.46}{\376\377\000R\000e\000f\000e\000r\000e\000n\000c\000e\000s}{}% 31
